<?xml version="1.0" encoding="UTF-8"?>
<testsuite name="com.bingbong.book.springboot.HelloControllerTest" tests="2" skipped="0" failures="0" errors="0" timestamp="2020-01-22T05:13:20" hostname="DESKTOP-EULFNB2" time="0.629">
  <properties/>
  <testcase name="helloReturn" classname="com.bingbong.book.springboot.HelloControllerTest" time="0.495"/>
  <testcase name="helloDtoReturn" classname="com.bingbong.book.springboot.HelloControllerTest" time="0.133"/>
  <system-out><![CDATA[14:13:13.941 [Test worker] DEBUG org.springframework.test.context.junit4.SpringJUnit4ClassRunner - SpringJUnit4ClassRunner constructor called with [class com.bingbong.book.springboot.HelloControllerTest]
14:13:13.955 [Test worker] DEBUG org.springframework.test.context.BootstrapUtils - Instantiating CacheAwareContextLoaderDelegate from class [org.springframework.test.context.cache.DefaultCacheAwareContextLoaderDelegate]
14:13:13.971 [Test worker] DEBUG org.springframework.test.context.BootstrapUtils - Instantiating BootstrapContext using constructor [public org.springframework.test.context.support.DefaultBootstrapContext(java.lang.Class,org.springframework.test.context.CacheAwareContextLoaderDelegate)]
14:13:14.014 [Test worker] DEBUG org.springframework.test.context.BootstrapUtils - Instantiating TestContextBootstrapper for test class [com.bingbong.book.springboot.HelloControllerTest] from class [org.springframework.boot.test.autoconfigure.web.servlet.WebMvcTestContextBootstrapper]
14:13:14.057 [Test worker] INFO org.springframework.boot.test.autoconfigure.web.servlet.WebMvcTestContextBootstrapper - Neither @ContextConfiguration nor @ContextHierarchy found for test class [com.bingbong.book.springboot.HelloControllerTest], using SpringBootContextLoader
14:13:14.063 [Test worker] DEBUG org.springframework.test.context.support.AbstractContextLoader - Did not detect default resource location for test class [com.bingbong.book.springboot.HelloControllerTest]: class path resource [com/bingbong/book/springboot/HelloControllerTest-context.xml] does not exist
14:13:14.064 [Test worker] DEBUG org.springframework.test.context.support.AbstractContextLoader - Did not detect default resource location for test class [com.bingbong.book.springboot.HelloControllerTest]: class path resource [com/bingbong/book/springboot/HelloControllerTestContext.groovy] does not exist
14:13:14.064 [Test worker] INFO org.springframework.test.context.support.AbstractContextLoader - Could not detect default resource locations for test class [com.bingbong.book.springboot.HelloControllerTest]: no resource found for suffixes {-context.xml, Context.groovy}.
14:13:14.066 [Test worker] INFO org.springframework.test.context.support.AnnotationConfigContextLoaderUtils - Could not detect default configuration classes for test class [com.bingbong.book.springboot.HelloControllerTest]: HelloControllerTest does not declare any static, non-private, non-final, nested classes annotated with @Configuration.
14:13:14.230 [Test worker] DEBUG org.springframework.test.context.support.ActiveProfilesUtils - Could not find an 'annotation declaring class' for annotation type [org.springframework.test.context.ActiveProfiles] and class [com.bingbong.book.springboot.HelloControllerTest]
14:13:14.349 [Test worker] DEBUG org.springframework.context.annotation.ClassPathScanningCandidateComponentProvider - Identified candidate component class: file [C:\Users\niboh\Desktop\git\springboot2-webservice\build\classes\java\main\com\bingbong\book\springboot\Application.class]
14:13:14.351 [Test worker] INFO org.springframework.boot.test.context.SpringBootTestContextBootstrapper - Found @SpringBootConfiguration com.bingbong.book.springboot.Application for test class com.bingbong.book.springboot.HelloControllerTest
14:13:14.356 [Test worker] DEBUG org.springframework.boot.test.autoconfigure.web.servlet.WebMvcTestContextBootstrapper - @TestExecutionListeners is not present for class [com.bingbong.book.springboot.HelloControllerTest]: using defaults.
14:13:14.357 [Test worker] INFO org.springframework.boot.test.autoconfigure.web.servlet.WebMvcTestContextBootstrapper - Loaded default TestExecutionListener class names from location [META-INF/spring.factories]: [org.springframework.security.test.context.support.WithSecurityContextTestExecutionListener, org.springframework.security.test.context.support.ReactorContextTestExecutionListener, org.springframework.boot.test.autoconfigure.restdocs.RestDocsTestExecutionListener, org.springframework.boot.test.autoconfigure.web.client.MockRestServiceServerResetTestExecutionListener, org.springframework.boot.test.autoconfigure.web.servlet.MockMvcPrintOnlyOnFailureTestExecutionListener, org.springframework.boot.test.autoconfigure.web.servlet.WebDriverTestExecutionListener, org.springframework.boot.test.mock.mockito.MockitoTestExecutionListener, org.springframework.boot.test.mock.mockito.ResetMocksTestExecutionListener, org.springframework.test.context.web.ServletTestExecutionListener, org.springframework.test.context.support.DirtiesContextBeforeModesTestExecutionListener, org.springframework.test.context.support.DependencyInjectionTestExecutionListener, org.springframework.test.context.support.DirtiesContextTestExecutionListener, org.springframework.test.context.transaction.TransactionalTestExecutionListener, org.springframework.test.context.jdbc.SqlScriptsTestExecutionListener]
14:13:14.410 [Test worker] INFO org.springframework.boot.test.autoconfigure.web.servlet.WebMvcTestContextBootstrapper - Using TestExecutionListeners: [org.springframework.test.context.web.ServletTestExecutionListener@3388ade, org.springframework.test.context.support.DirtiesContextBeforeModesTestExecutionListener@2afd4a8, org.springframework.boot.test.mock.mockito.MockitoTestExecutionListener@3e8470b2, org.springframework.boot.test.autoconfigure.SpringBootDependencyInjectionTestExecutionListener@4404e664, org.springframework.test.context.support.DirtiesContextTestExecutionListener@3adea40, org.springframework.test.context.transaction.TransactionalTestExecutionListener@7f5b7409, org.springframework.test.context.jdbc.SqlScriptsTestExecutionListener@62c78ab0, org.springframework.security.test.context.support.WithSecurityContextTestExecutionListener@113774a, org.springframework.security.test.context.support.ReactorContextTestExecutionListener@6d8072c2, org.springframework.boot.test.autoconfigure.restdocs.RestDocsTestExecutionListener@495fa847, org.springframework.boot.test.autoconfigure.web.client.MockRestServiceServerResetTestExecutionListener@179329d6, org.springframework.boot.test.autoconfigure.web.servlet.MockMvcPrintOnlyOnFailureTestExecutionListener@d20b549, org.springframework.boot.test.autoconfigure.web.servlet.WebDriverTestExecutionListener@63d8d04d, org.springframework.boot.test.mock.mockito.ResetMocksTestExecutionListener@57f151e1]
14:13:14.416 [Test worker] DEBUG org.springframework.test.annotation.ProfileValueUtils - Retrieved @ProfileValueSourceConfiguration [null] for test class [com.bingbong.book.springboot.HelloControllerTest]
14:13:14.417 [Test worker] DEBUG org.springframework.test.annotation.ProfileValueUtils - Retrieved ProfileValueSource type [class org.springframework.test.annotation.SystemProfileValueSource] for class [com.bingbong.book.springboot.HelloControllerTest]
14:13:14.419 [Test worker] DEBUG org.springframework.test.annotation.ProfileValueUtils - Retrieved @ProfileValueSourceConfiguration [null] for test class [com.bingbong.book.springboot.HelloControllerTest]
14:13:14.419 [Test worker] DEBUG org.springframework.test.annotation.ProfileValueUtils - Retrieved ProfileValueSource type [class org.springframework.test.annotation.SystemProfileValueSource] for class [com.bingbong.book.springboot.HelloControllerTest]
14:13:14.429 [Test worker] DEBUG org.springframework.test.context.support.AbstractDirtiesContextTestExecutionListener - Before test class: context [DefaultTestContext@10d64b7c testClass = HelloControllerTest, testInstance = [null], testMethod = [null], testException = [null], mergedContextConfiguration = [WebMergedContextConfiguration@3cff2c70 testClass = HelloControllerTest, locations = '{}', classes = '{class com.bingbong.book.springboot.Application}', contextInitializerClasses = '[]', activeProfiles = '{}', propertySourceLocations = '{}', propertySourceProperties = '{org.springframework.boot.test.autoconfigure.web.servlet.WebMvcTestContextBootstrapper=true}', contextCustomizers = set[org.springframework.boot.test.autoconfigure.OverrideAutoConfigurationContextCustomizerFactory$DisableAutoConfigurationContextCustomizer@547a115c, org.springframework.boot.test.autoconfigure.filter.TypeExcludeFiltersContextCustomizer@e9da4880, org.springframework.boot.test.autoconfigure.properties.PropertyMappingContextCustomizer@af392d60, org.springframework.boot.test.autoconfigure.web.servlet.WebDriverContextCustomizerFactory$Customizer@19ed7350, [ImportsContextCustomizer@6f741cf4 key = [org.springframework.boot.autoconfigure.cache.CacheAutoConfiguration, org.springframework.boot.autoconfigure.context.MessageSourceAutoConfiguration, org.springframework.boot.autoconfigure.data.web.SpringDataWebAutoConfiguration, org.springframework.boot.autoconfigure.freemarker.FreeMarkerAutoConfiguration, org.springframework.boot.autoconfigure.groovy.template.GroovyTemplateAutoConfiguration, org.springframework.boot.autoconfigure.gson.GsonAutoConfiguration, org.springframework.boot.autoconfigure.hateoas.HypermediaAutoConfiguration, org.springframework.boot.autoconfigure.http.HttpMessageConvertersAutoConfiguration, org.springframework.boot.autoconfigure.jackson.JacksonAutoConfiguration, org.springframework.boot.autoconfigure.jsonb.JsonbAutoConfiguration, org.springframework.boot.autoconfigure.mustache.MustacheAutoConfiguration, org.springframework.boot.autoconfigure.task.TaskExecutionAutoConfiguration, org.springframework.boot.autoconfigure.thymeleaf.ThymeleafAutoConfiguration, org.springframework.boot.autoconfigure.validation.ValidationAutoConfiguration, org.springframework.boot.autoconfigure.web.servlet.error.ErrorMvcAutoConfiguration, org.springframework.boot.autoconfigure.web.servlet.WebMvcAutoConfiguration, org.springframework.boot.test.autoconfigure.web.servlet.MockMvcAutoConfiguration, org.springframework.boot.test.autoconfigure.web.servlet.MockMvcSecurityAutoConfiguration, org.springframework.boot.test.autoconfigure.web.servlet.MockMvcWebClientAutoConfiguration, org.springframework.boot.test.autoconfigure.web.servlet.MockMvcWebDriverAutoConfiguration]], org.springframework.boot.test.context.filter.ExcludeFilterContextCustomizer@3f890127, org.springframework.boot.test.json.DuplicateJsonObjectContextCustomizerFactory$DuplicateJsonObjectContextCustomizer@452ded59, org.springframework.boot.test.mock.mockito.MockitoContextCustomizer@0], resourceBasePath = 'src/main/webapp', contextLoader = 'org.springframework.boot.test.context.SpringBootContextLoader', parent = [null]], attributes = map[[empty]]], class annotated with @DirtiesContext [false] with mode [null].
14:13:14.432 [Test worker] DEBUG org.springframework.test.annotation.ProfileValueUtils - Retrieved @ProfileValueSourceConfiguration [null] for test class [com.bingbong.book.springboot.HelloControllerTest]
14:13:14.433 [Test worker] DEBUG org.springframework.test.annotation.ProfileValueUtils - Retrieved ProfileValueSource type [class org.springframework.test.annotation.SystemProfileValueSource] for class [com.bingbong.book.springboot.HelloControllerTest]
14:13:14.442 [Test worker] DEBUG org.springframework.test.context.support.DependencyInjectionTestExecutionListener - Performing dependency injection for test context [[DefaultTestContext@10d64b7c testClass = HelloControllerTest, testInstance = com.bingbong.book.springboot.HelloControllerTest@47fea609, testMethod = [null], testException = [null], mergedContextConfiguration = [WebMergedContextConfiguration@3cff2c70 testClass = HelloControllerTest, locations = '{}', classes = '{class com.bingbong.book.springboot.Application}', contextInitializerClasses = '[]', activeProfiles = '{}', propertySourceLocations = '{}', propertySourceProperties = '{org.springframework.boot.test.autoconfigure.web.servlet.WebMvcTestContextBootstrapper=true}', contextCustomizers = set[org.springframework.boot.test.autoconfigure.OverrideAutoConfigurationContextCustomizerFactory$DisableAutoConfigurationContextCustomizer@547a115c, org.springframework.boot.test.autoconfigure.filter.TypeExcludeFiltersContextCustomizer@e9da4880, org.springframework.boot.test.autoconfigure.properties.PropertyMappingContextCustomizer@af392d60, org.springframework.boot.test.autoconfigure.web.servlet.WebDriverContextCustomizerFactory$Customizer@19ed7350, [ImportsContextCustomizer@6f741cf4 key = [org.springframework.boot.autoconfigure.cache.CacheAutoConfiguration, org.springframework.boot.autoconfigure.context.MessageSourceAutoConfiguration, org.springframework.boot.autoconfigure.data.web.SpringDataWebAutoConfiguration, org.springframework.boot.autoconfigure.freemarker.FreeMarkerAutoConfiguration, org.springframework.boot.autoconfigure.groovy.template.GroovyTemplateAutoConfiguration, org.springframework.boot.autoconfigure.gson.GsonAutoConfiguration, org.springframework.boot.autoconfigure.hateoas.HypermediaAutoConfiguration, org.springframework.boot.autoconfigure.http.HttpMessageConvertersAutoConfiguration, org.springframework.boot.autoconfigure.jackson.JacksonAutoConfiguration, org.springframework.boot.autoconfigure.jsonb.JsonbAutoConfiguration, org.springframework.boot.autoconfigure.mustache.MustacheAutoConfiguration, org.springframework.boot.autoconfigure.task.TaskExecutionAutoConfiguration, org.springframework.boot.autoconfigure.thymeleaf.ThymeleafAutoConfiguration, org.springframework.boot.autoconfigure.validation.ValidationAutoConfiguration, org.springframework.boot.autoconfigure.web.servlet.error.ErrorMvcAutoConfiguration, org.springframework.boot.autoconfigure.web.servlet.WebMvcAutoConfiguration, org.springframework.boot.test.autoconfigure.web.servlet.MockMvcAutoConfiguration, org.springframework.boot.test.autoconfigure.web.servlet.MockMvcSecurityAutoConfiguration, org.springframework.boot.test.autoconfigure.web.servlet.MockMvcWebClientAutoConfiguration, org.springframework.boot.test.autoconfigure.web.servlet.MockMvcWebDriverAutoConfiguration]], org.springframework.boot.test.context.filter.ExcludeFilterContextCustomizer@3f890127, org.springframework.boot.test.json.DuplicateJsonObjectContextCustomizerFactory$DuplicateJsonObjectContextCustomizer@452ded59, org.springframework.boot.test.mock.mockito.MockitoContextCustomizer@0], resourceBasePath = 'src/main/webapp', contextLoader = 'org.springframework.boot.test.context.SpringBootContextLoader', parent = [null]], attributes = map[[empty]]]].
14:13:14.709 [Test worker] DEBUG org.springframework.test.context.support.TestPropertySourceUtils - Adding inlined properties to environment: {spring.jmx.enabled=false, org.springframework.boot.test.autoconfigure.web.servlet.WebMvcTestContextBootstrapper=true, server.port=-1}

  .   ____          _            __ _ _
 /\\ / ___'_ __ _ _(_)_ __  __ _ \ \ \ \
( ( )\___ | '_ | '_| | '_ \/ _` | \ \ \ \
 \\/  ___)| |_)| | | | | || (_| |  ) ) ) )
  '  |____| .__|_| |_|_| |_\__, | / / / /
 =========|_|==============|___/=/_/_/_/
 :: Spring Boot ::        (v2.1.7.RELEASE)

2020-01-22 14:13:15.331  INFO 21432 --- [    Test worker] c.b.book.springboot.HelloControllerTest  : Starting HelloControllerTest on DESKTOP-EULFNB2 with PID 21432 (started by niboh in C:\Users\niboh\Desktop\git\springboot2-webservice)
2020-01-22 14:13:15.335  INFO 21432 --- [    Test worker] c.b.book.springboot.HelloControllerTest  : No active profile set, falling back to default profiles: default
2020-01-22 14:13:18.645  INFO 21432 --- [    Test worker] o.s.s.concurrent.ThreadPoolTaskExecutor  : Initializing ExecutorService 'applicationTaskExecutor'
2020-01-22 14:13:18.878  INFO 21432 --- [    Test worker] o.s.b.a.w.s.WelcomePageHandlerMapping    : Adding welcome page template: index
2020-01-22 14:13:19.613  INFO 21432 --- [    Test worker] .s.s.UserDetailsServiceAutoConfiguration : 

Using generated security password: 65f77930-524c-498d-866b-06f018d1b68b

2020-01-22 14:13:20.375  INFO 21432 --- [    Test worker] o.s.s.web.DefaultSecurityFilterChain     : Creating filter chain: any request, [org.springframework.security.web.context.request.async.WebAsyncManagerIntegrationFilter@56e02b9c, org.springframework.security.web.context.SecurityContextPersistenceFilter@3dd5683c, org.springframework.security.web.header.HeaderWriterFilter@51028dac, org.springframework.security.web.csrf.CsrfFilter@4dae9f14, org.springframework.security.web.authentication.logout.LogoutFilter@75ac659e, org.springframework.security.web.authentication.UsernamePasswordAuthenticationFilter@4e76f4c9, org.springframework.security.web.authentication.ui.DefaultLoginPageGeneratingFilter@29370cc5, org.springframework.security.web.authentication.ui.DefaultLogoutPageGeneratingFilter@30d275b9, org.springframework.security.web.authentication.www.BasicAuthenticationFilter@329a1a1b, org.springframework.security.web.savedrequest.RequestCacheAwareFilter@156dfe2d, org.springframework.security.web.servletapi.SecurityContextHolderAwareRequestFilter@5833d28b, org.springframework.security.web.authentication.AnonymousAuthenticationFilter@16f32f7c, org.springframework.security.web.session.SessionManagementFilter@31b11c8c, org.springframework.security.web.access.ExceptionTranslationFilter@27540bd0, org.springframework.security.web.access.intercept.FilterSecurityInterceptor@60c5643f]
2020-01-22 14:13:20.493  INFO 21432 --- [    Test worker] o.s.b.t.m.w.SpringBootMockServletContext : Initializing Spring TestDispatcherServlet ''
2020-01-22 14:13:20.493  INFO 21432 --- [    Test worker] o.s.t.web.servlet.TestDispatcherServlet  : Initializing Servlet ''
2020-01-22 14:13:20.527  INFO 21432 --- [    Test worker] o.s.t.web.servlet.TestDispatcherServlet  : Completed initialization in 34 ms
2020-01-22 14:13:20.629  INFO 21432 --- [    Test worker] c.b.book.springboot.HelloControllerTest  : Started HelloControllerTest in 5.903 seconds (JVM running for 9.595)
]]></system-out>
  <system-err><![CDATA[]]></system-err>
</testsuite>
