<?xml version="1.0" encoding="UTF-8"?>
<testsuite name="com.bingbong.book.springboot.domain.posts.PostsRepositoryTest" tests="2" skipped="0" failures="0" errors="0" timestamp="2020-01-22T05:13:34" hostname="DESKTOP-EULFNB2" time="0.773">
  <properties/>
  <testcase name="registerBaseTimeEntity" classname="com.bingbong.book.springboot.domain.posts.PostsRepositoryTest" time="0.724"/>
  <testcase name="findAllPosts" classname="com.bingbong.book.springboot.domain.posts.PostsRepositoryTest" time="0.046"/>
  <system-out><![CDATA[2020-01-22 14:13:21.294  INFO 21432 --- [    Test worker] .b.t.c.SpringBootTestContextBootstrapper : Neither @ContextConfiguration nor @ContextHierarchy found for test class [com.bingbong.book.springboot.domain.posts.PostsRepositoryTest], using SpringBootContextLoader
2020-01-22 14:13:21.295  INFO 21432 --- [    Test worker] o.s.t.c.support.AbstractContextLoader    : Could not detect default resource locations for test class [com.bingbong.book.springboot.domain.posts.PostsRepositoryTest]: no resource found for suffixes {-context.xml, Context.groovy}.
2020-01-22 14:13:21.298  INFO 21432 --- [    Test worker] t.c.s.AnnotationConfigContextLoaderUtils : Could not detect default configuration classes for test class [com.bingbong.book.springboot.domain.posts.PostsRepositoryTest]: PostsRepositoryTest does not declare any static, non-private, non-final, nested classes annotated with @Configuration.
2020-01-22 14:13:21.326  INFO 21432 --- [    Test worker] .b.t.c.SpringBootTestContextBootstrapper : Found @SpringBootConfiguration com.bingbong.book.springboot.Application for test class com.bingbong.book.springboot.domain.posts.PostsRepositoryTest
2020-01-22 14:13:21.334  INFO 21432 --- [    Test worker] .b.t.c.SpringBootTestContextBootstrapper : Loaded default TestExecutionListener class names from location [META-INF/spring.factories]: [org.springframework.security.test.context.support.WithSecurityContextTestExecutionListener, org.springframework.security.test.context.support.ReactorContextTestExecutionListener, org.springframework.boot.test.autoconfigure.restdocs.RestDocsTestExecutionListener, org.springframework.boot.test.autoconfigure.web.client.MockRestServiceServerResetTestExecutionListener, org.springframework.boot.test.autoconfigure.web.servlet.MockMvcPrintOnlyOnFailureTestExecutionListener, org.springframework.boot.test.autoconfigure.web.servlet.WebDriverTestExecutionListener, org.springframework.boot.test.mock.mockito.MockitoTestExecutionListener, org.springframework.boot.test.mock.mockito.ResetMocksTestExecutionListener, org.springframework.test.context.web.ServletTestExecutionListener, org.springframework.test.context.support.DirtiesContextBeforeModesTestExecutionListener, org.springframework.test.context.support.DependencyInjectionTestExecutionListener, org.springframework.test.context.support.DirtiesContextTestExecutionListener, org.springframework.test.context.transaction.TransactionalTestExecutionListener, org.springframework.test.context.jdbc.SqlScriptsTestExecutionListener]
2020-01-22 14:13:21.335  INFO 21432 --- [    Test worker] .b.t.c.SpringBootTestContextBootstrapper : Using TestExecutionListeners: [org.springframework.test.context.web.ServletTestExecutionListener@1ef1f23b, org.springframework.test.context.support.DirtiesContextBeforeModesTestExecutionListener@5f4df3ad, org.springframework.boot.test.mock.mockito.MockitoTestExecutionListener@19ccc5d7, org.springframework.boot.test.autoconfigure.SpringBootDependencyInjectionTestExecutionListener@1d103208, org.springframework.test.context.support.DirtiesContextTestExecutionListener@c617bbb, org.springframework.test.context.transaction.TransactionalTestExecutionListener@3c013101, org.springframework.test.context.jdbc.SqlScriptsTestExecutionListener@439cb92b, org.springframework.security.test.context.support.WithSecurityContextTestExecutionListener@5f805322, org.springframework.security.test.context.support.ReactorContextTestExecutionListener@583b47ca, org.springframework.boot.test.autoconfigure.restdocs.RestDocsTestExecutionListener@6d07fcf5, org.springframework.boot.test.autoconfigure.web.client.MockRestServiceServerResetTestExecutionListener@4b74559f, org.springframework.boot.test.autoconfigure.web.servlet.MockMvcPrintOnlyOnFailureTestExecutionListener@16301690, org.springframework.boot.test.autoconfigure.web.servlet.WebDriverTestExecutionListener@14b7168b, org.springframework.boot.test.mock.mockito.ResetMocksTestExecutionListener@4685a0bc]

  .   ____          _            __ _ _
 /\\ / ___'_ __ _ _(_)_ __  __ _ \ \ \ \
( ( )\___ | '_ | '_| | '_ \/ _` | \ \ \ \
 \\/  ___)| |_)| | | | | || (_| |  ) ) ) )
  '  |____| .__|_| |_|_| |_\__, | / / / /
 =========|_|==============|___/=/_/_/_/
 :: Spring Boot ::        (v2.1.7.RELEASE)

2020-01-22 14:13:21.393  INFO 21432 --- [    Test worker] c.b.b.s.d.posts.PostsRepositoryTest      : Starting PostsRepositoryTest on DESKTOP-EULFNB2 with PID 21432 (started by niboh in C:\Users\niboh\Desktop\git\springboot2-webservice)
2020-01-22 14:13:21.394  INFO 21432 --- [    Test worker] c.b.b.s.d.posts.PostsRepositoryTest      : No active profile set, falling back to default profiles: default
2020-01-22 14:13:22.624  INFO 21432 --- [    Test worker] .s.d.r.c.RepositoryConfigurationDelegate : Bootstrapping Spring Data repositories in DEFAULT mode.
2020-01-22 14:13:22.863  INFO 21432 --- [    Test worker] .s.d.r.c.RepositoryConfigurationDelegate : Finished Spring Data repository scanning in 214ms. Found 2 repository interfaces.
2020-01-22 14:13:23.504  INFO 21432 --- [    Test worker] trationDelegate$BeanPostProcessorChecker : Bean 'org.springframework.transaction.annotation.ProxyTransactionManagementConfiguration' of type [org.springframework.transaction.annotation.ProxyTransactionManagementConfiguration$$EnhancerBySpringCGLIB$$f053cefd] is not eligible for getting processed by all BeanPostProcessors (for example: not eligible for auto-proxying)
2020-01-22 14:13:23.913  INFO 21432 --- [    Test worker] com.zaxxer.hikari.HikariDataSource       : HikariPool-1 - Starting...
2020-01-22 14:13:24.308  INFO 21432 --- [    Test worker] com.zaxxer.hikari.HikariDataSource       : HikariPool-1 - Start completed.
2020-01-22 14:13:24.531  INFO 21432 --- [    Test worker] o.hibernate.jpa.internal.util.LogHelper  : HHH000204: Processing PersistenceUnitInfo [
	name: default
	...]
2020-01-22 14:13:24.756  INFO 21432 --- [    Test worker] org.hibernate.Version                    : HHH000412: Hibernate Core {5.3.10.Final}
2020-01-22 14:13:24.763  INFO 21432 --- [    Test worker] org.hibernate.cfg.Environment            : HHH000206: hibernate.properties not found
2020-01-22 14:13:24.963  INFO 21432 --- [    Test worker] o.hibernate.annotations.common.Version   : HCANN000001: Hibernate Commons Annotations {5.0.4.Final}
2020-01-22 14:13:25.450  INFO 21432 --- [    Test worker] org.hibernate.dialect.Dialect            : HHH000400: Using dialect: org.hibernate.dialect.MySQL5InnoDBDialect
Hibernate: drop table if exists posts
Hibernate: drop table if exists user
Hibernate: create table posts (id bigint not null auto_increment, created_date datetime, modified_date datetime, author varchar(255), content TEXT not null, title varchar(500) not null, primary key (id)) engine=InnoDB
Hibernate: create table user (id bigint not null auto_increment, created_date datetime, modified_date datetime, email varchar(255) not null, name varchar(255) not null, picture varchar(255), role varchar(255) not null, primary key (id)) engine=InnoDB
2020-01-22 14:13:27.809  INFO 21432 --- [    Test worker] o.h.t.schema.internal.SchemaCreatorImpl  : HHH000476: Executing import script 'org.hibernate.tool.schema.internal.exec.ScriptSourceInputNonExistentImpl@11d9af3a'
2020-01-22 14:13:27.818  INFO 21432 --- [    Test worker] j.LocalContainerEntityManagerFactoryBean : Initialized JPA EntityManagerFactory for persistence unit 'default'
2020-01-22 14:13:29.256  INFO 21432 --- [    Test worker] o.h.h.i.QueryTranslatorFactoryInitiator  : HHH000397: Using ASTQueryTranslatorFactory
2020-01-22 14:13:30.425  INFO 21432 --- [    Test worker] o.s.s.web.DefaultSecurityFilterChain     : Creating filter chain: any request, [org.springframework.security.web.context.request.async.WebAsyncManagerIntegrationFilter@641f538d, org.springframework.security.web.context.SecurityContextPersistenceFilter@2fa55440, org.springframework.security.web.header.HeaderWriterFilter@55160f0c, org.springframework.security.web.authentication.logout.LogoutFilter@58a33a4f, org.springframework.security.oauth2.client.web.OAuth2AuthorizationRequestRedirectFilter@1fde23e7, org.springframework.security.oauth2.client.web.OAuth2LoginAuthenticationFilter@74cb2cf3, org.springframework.security.web.authentication.ui.DefaultLoginPageGeneratingFilter@5da172ef, org.springframework.security.web.authentication.ui.DefaultLogoutPageGeneratingFilter@5d37387b, org.springframework.security.web.savedrequest.RequestCacheAwareFilter@74362b92, org.springframework.security.web.servletapi.SecurityContextHolderAwareRequestFilter@113d3477, org.springframework.security.web.authentication.AnonymousAuthenticationFilter@70b62b9a, org.springframework.security.web.session.SessionManagementFilter@46315c3b, org.springframework.security.web.access.ExceptionTranslationFilter@1fd89214, org.springframework.security.web.access.intercept.FilterSecurityInterceptor@7c22bbc8]
2020-01-22 14:13:32.106  INFO 21432 --- [    Test worker] o.s.s.concurrent.ThreadPoolTaskExecutor  : Initializing ExecutorService 'applicationTaskExecutor'
2020-01-22 14:13:32.161  WARN 21432 --- [    Test worker] aWebConfiguration$JpaWebMvcConfiguration : spring.jpa.open-in-view is enabled by default. Therefore, database queries may be performed during view rendering. Explicitly configure spring.jpa.open-in-view to disable this warning
2020-01-22 14:13:32.276  INFO 21432 --- [    Test worker] o.s.b.a.w.s.WelcomePageHandlerMapping    : Adding welcome page template: index
2020-01-22 14:13:34.292  INFO 21432 --- [    Test worker] s.a.ScheduledAnnotationBeanPostProcessor : No TaskScheduler/ScheduledExecutorService bean found for scheduled processing
2020-01-22 14:13:34.315  INFO 21432 --- [    Test worker] c.b.b.s.d.posts.PostsRepositoryTest      : Started PostsRepositoryTest in 12.976 seconds (JVM running for 23.281)
Hibernate: insert into posts (created_date, modified_date, author, content, title) values (?, ?, ?, ?, ?)
Hibernate: select posts0_.id as id1_0_, posts0_.created_date as created_2_0_, posts0_.modified_date as modified3_0_, posts0_.author as author4_0_, posts0_.content as content5_0_, posts0_.title as title6_0_ from posts posts0_
>>>>>> createDate=2020-01-22T14:13:34.525, modifiedDate = 2020-01-22T14:13:34.525
Hibernate: select posts0_.id as id1_0_, posts0_.created_date as created_2_0_, posts0_.modified_date as modified3_0_, posts0_.author as author4_0_, posts0_.content as content5_0_, posts0_.title as title6_0_ from posts posts0_
Hibernate: delete from posts where id=?
Hibernate: insert into posts (created_date, modified_date, author, content, title) values (?, ?, ?, ?, ?)
Hibernate: select posts0_.id as id1_0_, posts0_.created_date as created_2_0_, posts0_.modified_date as modified3_0_, posts0_.author as author4_0_, posts0_.content as content5_0_, posts0_.title as title6_0_ from posts posts0_
Hibernate: select posts0_.id as id1_0_, posts0_.created_date as created_2_0_, posts0_.modified_date as modified3_0_, posts0_.author as author4_0_, posts0_.content as content5_0_, posts0_.title as title6_0_ from posts posts0_
Hibernate: delete from posts where id=?
]]></system-out>
  <system-err><![CDATA[]]></system-err>
</testsuite>
